src-tauri/plugins/tauri-plugin-levelplay/android/build/intermediates/manifest_merge_blame_file/release/processReleaseManifest/manifest-merger-blame-release-report.txt
1<?xml version="1.0" encoding="utf-8"?>
2<manifest xmlns:android="http://schemas.android.com/apk/res/android"
3    xmlns:tools="http://schemas.android.com/tools"
4    package="com.plugin.levelplay" >
5
6    <uses-sdk android:minSdkVersion="24" />
7
8    <!-- LevelPlay network fetches and connectivity probes. -->
9    <uses-permission android:name="android.permission.INTERNET" />
9-->src\main\AndroidManifest.xml:6:3-64
9-->src\main\AndroidManifest.xml:6:20-62
10    <uses-permission android:name="android.permission.ACCESS_NETWORK_STATE" />
10-->src\main\AndroidManifest.xml:7:3-76
10-->src\main\AndroidManifest.xml:7:20-74
11
12    <!--
13    COPPA / Google Play Families Policy: every advertising-identifier
14    permission introduced by the Google Mobile Ads / LevelPlay stack
15    must be explicitly removed via manifest merger on a kids app.
16    These overrides win over the transitive declarations pulled in by
17    play-services-ads, the LevelPlay mediation SDK, and any bundled
18    adapter (AdMob, Meta AN, AppLovin, etc.).
19
20    If any of these lines is removed, Google Play will flag the app
21    for a Families Policy violation and block publishing.
22
23    • AD_ID — classic Google Play Services advertising identifier.
24    • ACCESS_ADSERVICES_AD_ID — Android 13+ Privacy Sandbox ad ID.
25    • ACCESS_ADSERVICES_ATTRIBUTION / _TOPICS — Privacy Sandbox
26      interest-based / attribution APIs. Prohibited on kids apps.
27    -->
28    <uses-permission
28-->src\main\AndroidManifest.xml:25:3-26:41
29        android:name="com.google.android.gms.permission.AD_ID"
29-->src\main\AndroidManifest.xml:25:20-74
30        tools:node="remove" />
30-->src\main\AndroidManifest.xml:26:20-39
31    <uses-permission
31-->src\main\AndroidManifest.xml:27:3-28:41
32        android:name="android.permission.ACCESS_ADSERVICES_AD_ID"
32-->src\main\AndroidManifest.xml:27:20-77
33        tools:node="remove" />
33-->src\main\AndroidManifest.xml:28:20-39
34    <uses-permission
34-->src\main\AndroidManifest.xml:29:3-30:41
35        android:name="android.permission.ACCESS_ADSERVICES_ATTRIBUTION"
35-->src\main\AndroidManifest.xml:29:20-83
36        tools:node="remove" />
36-->src\main\AndroidManifest.xml:30:20-39
37    <uses-permission
37-->src\main\AndroidManifest.xml:31:3-32:41
38        android:name="android.permission.ACCESS_ADSERVICES_TOPICS"
38-->src\main\AndroidManifest.xml:31:20-78
39        tools:node="remove" />
39-->src\main\AndroidManifest.xml:32:20-39
40    <!--
41    Required by play-services-ads / AdMob: the SDK ships a
42    `MobileAdsInitProvider` ContentProvider that auto-registers from
43    the AdMob library's manifest and runs at process startup. It
44    crashes the whole app if it can't find this meta-data tag, even
45    when AdMob is not the winning bidder in the LevelPlay waterfall.
46
47    The actual value is injected at build time via the manifest
48    placeholder `admobAppId`, defined in the consuming app's
49    build.gradle.kts and sourced from the `VITE_APP_ADMOB_ANDROID_APP_ID`
50    env var (see .env.tauri). When unset, the fallback is Google's
51    documented AdMob test app ID — benign, returns a static "Test Ad"
52    placeholder, no account required.
53
54    Format reminder: AdMob App ID uses TILDE (`~`) as separator.
55    A value with a slash (`/`) is an *ad unit* ID — wrong tag.
56    -->
57    <application>
57-->src\main\AndroidManifest.xml:51:3-55:17
58        <meta-data
58-->src\main\AndroidManifest.xml:52:5-54:38
59            android:name="com.google.android.gms.ads.APPLICATION_ID"
59-->src\main\AndroidManifest.xml:53:7-63
60            android:value="${admobAppId}" />
60-->src\main\AndroidManifest.xml:54:7-36
61    </application>
62
63</manifest>